2026-04-18T18:54:17.514783Z  INFO agent started with FoxMQ transport agent=a4 brokers=127.0.0.1:1883
2026-04-18T18:54:17.518051Z  INFO claim publish region=ac72368a x=0 y=0 priority=593 round=1184358971
2026-04-18T18:54:17.518182Z  INFO round_start round=1184358971
2026-04-18T18:54:17.542741Z  INFO connecting to FoxMQ broker broker=127.0.0.1:1883
2026-04-18T18:54:17.661126Z  INFO connected to broker broker=127.0.0.1:1883
2026-04-18T18:54:17.667178Z  INFO claim received claim_id=a2:ac72368a586a18c19088393573ce03074b8e8a4d8c21add8729af1890a407e52:1184358971 region=ac72368a round=1184358971 from=a2 priority=81
2026-04-18T18:54:17.671918Z  INFO claim received claim_id=a1:ac72368a586a18c19088393573ce03074b8e8a4d8c21add8729af1890a407e52:1184358971 region=ac72368a round=1184358971 from=a1 priority=910
2026-04-18T18:54:17.677416Z  INFO claim received claim_id=a5:ac72368a586a18c19088393573ce03074b8e8a4d8c21add8729af1890a407e52:1184358971 region=ac72368a round=1184358971 from=a5 priority=112
2026-04-18T18:54:18.117146Z  INFO claim publish region=ac72368a x=0 y=0 priority=544 round=1184358972
2026-04-18T18:54:18.117179Z  INFO round_start round=1184358972
2026-04-18T18:54:18.117746Z  INFO round_close region=ac72368a round=1184358971 claims=4
2026-04-18T18:54:18.117889Z  INFO final_claim_set region=ac72368a round=1184358971 claims=a1:ac72368a586a18c19088393573ce03074b8e8a4d8c21add8729af1890a407e52:1184358971,a4:ac72368a586a18c19088393573ce03074b8e8a4d8c21add8729af1890a407e52:1184358971,a5:ac72368a586a18c19088393573ce03074b8e8a4d8c21add8729af1890a407e52:1184358971,a2:ac72368a586a18c19088393573ce03074b8e8a4d8c21add8729af1890a407e52:1184358971
2026-04-18T18:54:18.117935Z  INFO winner region=ac72368a round=1184358971 order=a1:910 > a4:593 > a5:112 > a2:81 winner=a1
2026-04-18T18:54:18.117983Z  INFO claim lost, rerouting immediately region=ac72368a winner=a1
2026-04-18T18:54:18.118502Z  INFO claim received claim_id=a3:ac72368a586a18c19088393573ce03074b8e8a4d8c21add8729af1890a407e52:1184358972 region=ac72368a round=1184358972 from=a3 priority=623
2026-04-18T18:54:18.120157Z  INFO claim received claim_id=a1:ac72368a586a18c19088393573ce03074b8e8a4d8c21add8729af1890a407e52:1184358972 region=ac72368a round=1184358972 from=a1 priority=66
2026-04-18T18:54:18.120269Z  INFO claim received claim_id=a2:ac72368a586a18c19088393573ce03074b8e8a4d8c21add8729af1890a407e52:1184358972 region=ac72368a round=1184358972 from=a2 priority=489
2026-04-18T18:54:18.120369Z  WARN ownership digest mismatch region=ac72368a round=1184358971 participants=2
2026-04-18T18:54:18.120428Z  WARN consensus digest mismatch region=ac72368a round=1184358971 participants=2
2026-04-18T18:54:18.120474Z  INFO ownership update region=ac72368a owner=a1 round=1184358971 digest=e0560a06 from=a2
2026-04-18T18:54:18.120504Z  WARN ownership digest mismatch region=ac72368a round=1184358971 participants=3
2026-04-18T18:54:18.120553Z  WARN consensus digest mismatch region=ac72368a round=1184358971 participants=3
2026-04-18T18:54:18.120620Z  WARN consensus digest mismatch region=ac72368a round=1184358971 participants=3
2026-04-18T18:54:18.120671Z  INFO claim received claim_id=a5:ac72368a586a18c19088393573ce03074b8e8a4d8c21add8729af1890a407e52:1184358972 region=ac72368a round=1184358972 from=a5 priority=476
2026-04-18T18:54:18.418302Z  INFO claim received claim_id=a3:ef134f2a180ba05de91ab32d2976f51de13b68d823ea784171b1b0dafee67be4:1184358972 region=ef134f2a round=1184358972 from=a3 priority=897
2026-04-18T18:54:18.418442Z  INFO claim publish region=ef134f2a x=0 y=1 priority=143 round=1184358972
2026-04-18T18:54:18.419234Z  INFO claim received claim_id=a2:ef134f2a180ba05de91ab32d2976f51de13b68d823ea784171b1b0dafee67be4:1184358972 region=ef134f2a round=1184358972 from=a2 priority=188
2026-04-18T18:54:18.462877Z  INFO claim received claim_id=a5:ef134f2a180ba05de91ab32d2976f51de13b68d823ea784171b1b0dafee67be4:1184358972 region=ef134f2a round=1184358972 from=a5 priority=865
2026-04-18T18:54:19.617894Z  INFO claim publish region=ef134f2a x=0 y=1 priority=521 round=1184358973
2026-04-18T18:54:19.618275Z  INFO claim received claim_id=a3:ef134f2a180ba05de91ab32d2976f51de13b68d823ea784171b1b0dafee67be4:1184358973 region=ef134f2a round=1184358973 from=a3 priority=645
2026-04-18T18:54:19.618400Z  INFO round_start round=1184358973
2026-04-18T18:54:19.618514Z  INFO round_close region=ac72368a round=1184358972 claims=5
2026-04-18T18:54:19.618625Z  INFO final_claim_set region=ac72368a round=1184358972 claims=a3:ac72368a586a18c19088393573ce03074b8e8a4d8c21add8729af1890a407e52:1184358972,a4:ac72368a586a18c19088393573ce03074b8e8a4d8c21add8729af1890a407e52:1184358972,a2:ac72368a586a18c19088393573ce03074b8e8a4d8c21add8729af1890a407e52:1184358972,a5:ac72368a586a18c19088393573ce03074b8e8a4d8c21add8729af1890a407e52:1184358972,a1:ac72368a586a18c19088393573ce03074b8e8a4d8c21add8729af1890a407e52:1184358972
2026-04-18T18:54:19.618668Z  INFO winner region=ac72368a round=1184358972 order=a3:623 > a4:544 > a2:489 > a5:476 > a1:66 winner=a3
2026-04-18T18:54:19.618709Z  INFO claim lost, rerouting immediately region=ac72368a winner=a3
2026-04-18T18:54:19.618865Z  INFO round_close region=ef134f2a round=1184358972 claims=4
2026-04-18T18:54:19.618964Z  INFO final_claim_set region=ef134f2a round=1184358972 claims=a3:ef134f2a180ba05de91ab32d2976f51de13b68d823ea784171b1b0dafee67be4:1184358972,a5:ef134f2a180ba05de91ab32d2976f51de13b68d823ea784171b1b0dafee67be4:1184358972,a2:ef134f2a180ba05de91ab32d2976f51de13b68d823ea784171b1b0dafee67be4:1184358972,a4:ef134f2a180ba05de91ab32d2976f51de13b68d823ea784171b1b0dafee67be4:1184358972
2026-04-18T18:54:19.618993Z  INFO winner region=ef134f2a round=1184358972 order=a3:897 > a5:865 > a2:188 > a4:143 winner=a3
2026-04-18T18:54:19.619078Z  INFO claim lost, rerouting immediately region=ef134f2a winner=a3
2026-04-18T18:54:19.619952Z  INFO claim received claim_id=a1:ac72368a586a18c19088393573ce03074b8e8a4d8c21add8729af1890a407e52:1184358973 region=ac72368a round=1184358973 from=a1 priority=698
2026-04-18T18:54:19.620022Z  INFO ownership update region=ac72368a owner=a3 round=1184358972 digest=2442d4a6 from=a1
2026-04-18T18:54:19.620387Z  INFO ownership update region=ac72368a owner=a3 round=1184358972 digest=2442d4a6 from=a3
2026-04-18T18:54:19.620457Z  INFO consistent ownership digest across agents region=ac72368a round=1184358972 participants=2 digest=2442d4a6
2026-04-18T18:54:19.620520Z  INFO ownership update region=ef134f2a owner=a3 round=1184358972 digest=ec78910a from=a1
2026-04-18T18:54:19.620582Z  INFO claim received claim_id=a2:ef134f2a180ba05de91ab32d2976f51de13b68d823ea784171b1b0dafee67be4:1184358973 region=ef134f2a round=1184358973 from=a2 priority=221
2026-04-18T18:54:19.620631Z  INFO ownership update region=ac72368a owner=a3 round=1184358972 digest=2442d4a6 from=a2
2026-04-18T18:54:19.620660Z  INFO consistent ownership digest across agents region=ac72368a round=1184358972 participants=3 digest=2442d4a6
2026-04-18T18:54:19.620713Z  INFO vertex state agreement region=ac72368a round=1184358972 participants=3 digest=2442d4a6
2026-04-18T18:54:19.620757Z  INFO vertex state agreement region=ac72368a round=1184358972 participants=3 digest=2442d4a6
2026-04-18T18:54:19.620819Z  INFO ownership update region=ef134f2a owner=a3 round=1184358972 digest=ec78910a from=a2
2026-04-18T18:54:19.620848Z  INFO consistent ownership digest across agents region=ef134f2a round=1184358972 participants=2 digest=ec78910a
2026-04-18T18:54:19.620895Z  INFO ownership update region=ef134f2a owner=a3 round=1184358972 digest=ec78910a from=a3
2026-04-18T18:54:19.620927Z  INFO consistent ownership digest across agents region=ef134f2a round=1184358972 participants=3 digest=ec78910a
2026-04-18T18:54:19.621051Z  INFO consistent ownership digest across agents region=ac72368a round=1184358972 participants=4 digest=2442d4a6
2026-04-18T18:54:19.621123Z  INFO vertex state agreement region=ef134f2a round=1184358972 participants=3 digest=ec78910a
2026-04-18T18:54:19.621172Z  INFO vertex state agreement region=ac72368a round=1184358972 participants=4 digest=2442d4a6
2026-04-18T18:54:19.621227Z  INFO ownership update region=ef134f2a owner=a3 round=1184358972 digest=ec78910a from=a4
2026-04-18T18:54:19.621285Z  INFO consistent ownership digest across agents region=ef134f2a round=1184358972 participants=4 digest=ec78910a
2026-04-18T18:54:19.621356Z  INFO vertex state agreement region=ef134f2a round=1184358972 participants=4 digest=ec78910a
2026-04-18T18:54:19.621453Z  INFO claim received claim_id=a5:ef134f2a180ba05de91ab32d2976f51de13b68d823ea784171b1b0dafee67be4:1184358973 region=ef134f2a round=1184358973 from=a5 priority=988
2026-04-18T18:54:19.621511Z  INFO vertex state agreement region=ef134f2a round=1184358972 participants=4 digest=ec78910a
2026-04-18T18:54:19.621579Z  INFO ownership update region=ac72368a owner=a3 round=1184358972 digest=2442d4a6 from=a5
2026-04-18T18:54:19.621685Z  INFO consistent ownership digest across agents region=ac72368a round=1184358972 participants=5 digest=2442d4a6
2026-04-18T18:54:19.621752Z  INFO vertex state agreement region=ac72368a round=1184358972 participants=5 digest=2442d4a6
2026-04-18T18:54:19.622108Z  INFO ownership update region=ef134f2a owner=a3 round=1184358972 digest=ec78910a from=a5
2026-04-18T18:54:19.622164Z  INFO consistent ownership digest across agents region=ef134f2a round=1184358972 participants=5 digest=ec78910a
2026-04-18T18:54:19.622209Z  INFO vertex state agreement region=ef134f2a round=1184358972 participants=5 digest=ec78910a
2026-04-18T18:54:19.918064Z  INFO claim publish region=9328a9dc x=0 y=2 priority=433 round=1184358973
2026-04-18T18:54:19.918165Z  INFO claim received claim_id=a3:ac72368a586a18c19088393573ce03074b8e8a4d8c21add8729af1890a407e52:1184358973 region=ac72368a round=1184358973 from=a3 priority=12
2026-04-18T18:54:19.918850Z  INFO claim received claim_id=a2:9328a9dc66caf8eb870451eb1879730a4281b7693a3dcb87cb2d58d7cfb5bad3:1184358973 region=9328a9dc round=1184358973 from=a2 priority=846
2026-04-18T18:54:19.919225Z  INFO claim received claim_id=a1:9328a9dc66caf8eb870451eb1879730a4281b7693a3dcb87cb2d58d7cfb5bad3:1184358973 region=9328a9dc round=1184358973 from=a1 priority=571
2026-04-18T18:54:19.963144Z  INFO claim received claim_id=a5:9328a9dc66caf8eb870451eb1879730a4281b7693a3dcb87cb2d58d7cfb5bad3:1184358973 region=9328a9dc round=1184358973 from=a5 priority=345
2026-04-18T18:54:21.117748Z  INFO claim publish region=9328a9dc x=0 y=2 priority=148 round=1184358974
2026-04-18T18:54:21.118015Z  INFO round_start round=1184358974
2026-04-18T18:54:21.118167Z  INFO round_close region=9328a9dc round=1184358973 claims=4
2026-04-18T18:54:21.118329Z  INFO final_claim_set region=9328a9dc round=1184358973 claims=a2:9328a9dc66caf8eb870451eb1879730a4281b7693a3dcb87cb2d58d7cfb5bad3:1184358973,a1:9328a9dc66caf8eb870451eb1879730a4281b7693a3dcb87cb2d58d7cfb5bad3:1184358973,a4:9328a9dc66caf8eb870451eb1879730a4281b7693a3dcb87cb2d58d7cfb5bad3:1184358973,a5:9328a9dc66caf8eb870451eb1879730a4281b7693a3dcb87cb2d58d7cfb5bad3:1184358973
2026-04-18T18:54:21.118440Z  INFO winner region=9328a9dc round=1184358973 order=a2:846 > a1:571 > a4:433 > a5:345 winner=a2
2026-04-18T18:54:21.118470Z  INFO claim received claim_id=a3:ac72368a586a18c19088393573ce03074b8e8a4d8c21add8729af1890a407e52:1184358974 region=ac72368a round=1184358974 from=a3 priority=389
2026-04-18T18:54:21.118573Z  INFO claim lost, rerouting immediately region=9328a9dc winner=a2
2026-04-18T18:54:21.118808Z  INFO round_close region=ac72368a round=1184358973 claims=2
2026-04-18T18:54:21.118857Z  INFO round_close region=ef134f2a round=1184358973 claims=4
2026-04-18T18:54:21.118940Z  INFO final_claim_set region=ef134f2a round=1184358973 claims=a5:ef134f2a180ba05de91ab32d2976f51de13b68d823ea784171b1b0dafee67be4:1184358973,a3:ef134f2a180ba05de91ab32d2976f51de13b68d823ea784171b1b0dafee67be4:1184358973,a4:ef134f2a180ba05de91ab32d2976f51de13b68d823ea784171b1b0dafee67be4:1184358973,a2:ef134f2a180ba05de91ab32d2976f51de13b68d823ea784171b1b0dafee67be4:1184358973
2026-04-18T18:54:21.118973Z  INFO winner region=ef134f2a round=1184358973 order=a5:988 > a3:645 > a4:521 > a2:221 winner=a5
2026-04-18T18:54:21.119025Z  INFO claim lost, rerouting immediately region=ef134f2a winner=a5
2026-04-18T18:54:21.120602Z  INFO ownership update region=9328a9dc owner=a2 round=1184358973 digest=53df7b50 from=a3
2026-04-18T18:54:21.120766Z  INFO ownership update region=ef134f2a owner=a5 round=1184358973 digest=25513d00 from=a3
2026-04-18T18:54:21.120866Z  INFO ownership update region=9328a9dc owner=a2 round=1184358973 digest=53df7b50 from=a4
2026-04-18T18:54:21.120901Z  INFO consistent ownership digest across agents region=9328a9dc round=1184358973 participants=2 digest=53df7b50
2026-04-18T18:54:21.120967Z  INFO vertex state agreement region=9328a9dc round=1184358973 participants=2 digest=53df7b50
2026-04-18T18:54:21.121514Z  INFO ownership update region=ef134f2a owner=a5 round=1184358973 digest=25513d00 from=a4
2026-04-18T18:54:21.121582Z  INFO consistent ownership digest across agents region=ef134f2a round=1184358973 participants=2 digest=25513d00
2026-04-18T18:54:21.121694Z  INFO vertex state agreement region=ef134f2a round=1184358973 participants=2 digest=25513d00
2026-04-18T18:54:21.121796Z  INFO consistent ownership digest across agents region=9328a9dc round=1184358973 participants=3 digest=53df7b50
2026-04-18T18:54:21.121861Z  INFO claim received claim_id=a5:9328a9dc66caf8eb870451eb1879730a4281b7693a3dcb87cb2d58d7cfb5bad3:1184358974 region=9328a9dc round=1184358974 from=a5 priority=565
2026-04-18T18:54:21.121920Z  INFO consistent ownership digest across agents region=9328a9dc round=1184358973 participants=4 digest=53df7b50
2026-04-18T18:54:21.121964Z  INFO vertex state agreement region=9328a9dc round=1184358973 participants=4 digest=53df7b50
2026-04-18T18:54:21.122014Z  INFO consistent ownership digest across agents region=ef134f2a round=1184358973 participants=3 digest=25513d00
2026-04-18T18:54:21.122061Z  INFO vertex state agreement region=ef134f2a round=1184358973 participants=3 digest=25513d00
2026-04-18T18:54:21.122100Z  INFO vertex state agreement region=9328a9dc round=1184358973 participants=4 digest=53df7b50
2026-04-18T18:54:21.122170Z  INFO consistent ownership digest across agents region=ef134f2a round=1184358973 participants=4 digest=25513d00
2026-04-18T18:54:21.122232Z  INFO vertex state agreement region=ef134f2a round=1184358973 participants=4 digest=25513d00
2026-04-18T18:54:21.122291Z  INFO claim received claim_id=a2:76d3c2eeff0f7e9320cd69f952486c44d7cb4ec9903e2df44a772a3be0fb3b45:1184358974 region=76d3c2ee round=1184358974 from=a2 priority=653
2026-04-18T18:54:21.122748Z  INFO consistent ownership digest across agents region=9328a9dc round=1184358973 participants=5 digest=53df7b50
2026-04-18T18:54:21.122846Z  INFO vertex state agreement region=9328a9dc round=1184358973 participants=5 digest=53df7b50
2026-04-18T18:54:21.122939Z  INFO consistent ownership digest across agents region=ef134f2a round=1184358973 participants=5 digest=25513d00
2026-04-18T18:54:21.122998Z  INFO vertex state agreement region=ef134f2a round=1184358973 participants=5 digest=25513d00
2026-04-18T18:54:21.123078Z  INFO claim received claim_id=a1:76d3c2eeff0f7e9320cd69f952486c44d7cb4ec9903e2df44a772a3be0fb3b45:1184358974 region=76d3c2ee round=1184358974 from=a1 priority=53
2026-04-18T18:54:21.417494Z  INFO claim publish region=76d3c2ee x=0 y=3 priority=548 round=1184358974
2026-04-18T18:54:21.420475Z  INFO claim received claim_id=a5:76d3c2eeff0f7e9320cd69f952486c44d7cb4ec9903e2df44a772a3be0fb3b45:1184358974 region=76d3c2ee round=1184358974 from=a5 priority=797
2026-04-18T18:54:22.617469Z  INFO round_start round=1184358975
2026-04-18T18:54:22.618002Z  INFO round_close region=76d3c2ee round=1184358974 claims=4
2026-04-18T18:54:22.618150Z  INFO claim publish region=76d3c2ee x=0 y=3 priority=949 round=1184358975
2026-04-18T18:54:22.618370Z  INFO final_claim_set region=76d3c2ee round=1184358974 claims=a5:76d3c2eeff0f7e9320cd69f952486c44d7cb4ec9903e2df44a772a3be0fb3b45:1184358974,a2:76d3c2eeff0f7e9320cd69f952486c44d7cb4ec9903e2df44a772a3be0fb3b45:1184358974,a4:76d3c2eeff0f7e9320cd69f952486c44d7cb4ec9903e2df44a772a3be0fb3b45:1184358974,a1:76d3c2eeff0f7e9320cd69f952486c44d7cb4ec9903e2df44a772a3be0fb3b45:1184358974
2026-04-18T18:54:22.618461Z  INFO winner region=76d3c2ee round=1184358974 order=a5:797 > a2:653 > a4:548 > a1:53 winner=a5
2026-04-18T18:54:22.618560Z  INFO claim lost, rerouting immediately region=76d3c2ee winner=a5
2026-04-18T18:54:22.618742Z  INFO round_close region=9328a9dc round=1184358974 claims=2
2026-04-18T18:54:22.618782Z  INFO round_close region=ac72368a round=1184358974 claims=1
2026-04-18T18:54:22.619530Z  INFO claim received claim_id=a1:76d3c2eeff0f7e9320cd69f952486c44d7cb4ec9903e2df44a772a3be0fb3b45:1184358975 region=76d3c2ee round=1184358975 from=a1 priority=313
2026-04-18T18:54:22.619602Z  INFO ownership update region=76d3c2ee owner=a5 round=1184358974 digest=0538d795 from=a1
2026-04-18T18:54:22.619664Z  INFO ownership update region=76d3c2ee owner=a5 round=1184358974 digest=0538d795 from=a4
2026-04-18T18:54:22.619695Z  INFO consistent ownership digest across agents region=76d3c2ee round=1184358974 participants=2 digest=0538d795
2026-04-18T18:54:22.619743Z  INFO claim received claim_id=a2:76d3c2eeff0f7e9320cd69f952486c44d7cb4ec9903e2df44a772a3be0fb3b45:1184358975 region=76d3c2ee round=1184358975 from=a2 priority=559
2026-04-18T18:54:22.619792Z  INFO ownership update region=76d3c2ee owner=a5 round=1184358974 digest=0538d795 from=a2
2026-04-18T18:54:22.619824Z  INFO consistent ownership digest across agents region=76d3c2ee round=1184358974 participants=3 digest=0538d795
2026-04-18T18:54:22.619876Z  INFO vertex state agreement region=76d3c2ee round=1184358974 participants=3 digest=0538d795
2026-04-18T18:54:22.619940Z  INFO vertex state agreement region=76d3c2ee round=1184358974 participants=3 digest=0538d795
2026-04-18T18:54:22.619988Z  INFO vertex state agreement region=76d3c2ee round=1184358974 participants=3 digest=0538d795
2026-04-18T18:54:22.620218Z  INFO claim received claim_id=a5:76d3c2eeff0f7e9320cd69f952486c44d7cb4ec9903e2df44a772a3be0fb3b45:1184358975 region=76d3c2ee round=1184358975 from=a5 priority=157
2026-04-18T18:54:22.621147Z  INFO ownership update region=76d3c2ee owner=a5 round=1184358974 digest=0538d795 from=a5
2026-04-18T18:54:22.621193Z  INFO consistent ownership digest across agents region=76d3c2ee round=1184358974 participants=4 digest=0538d795
2026-04-18T18:54:22.621226Z  INFO vertex state agreement region=76d3c2ee round=1184358974 participants=4 digest=0538d795
2026-04-18T18:54:22.918845Z  INFO claim publish region=48f03bc9 x=0 y=4 priority=75 round=1184358975
2026-04-18T18:54:22.920214Z  INFO claim received claim_id=a2:48f03bc9419d2b283c9d08b0c81861d2a9274e92a062b1597b0874fe098ebd2f:1184358975 region=48f03bc9 round=1184358975 from=a2 priority=162
2026-04-18T18:54:22.920326Z  INFO claim received claim_id=a1:48f03bc9419d2b283c9d08b0c81861d2a9274e92a062b1597b0874fe098ebd2f:1184358975 region=48f03bc9 round=1184358975 from=a1 priority=580
2026-04-18T18:54:22.921238Z  INFO claim received claim_id=a5:48f03bc9419d2b283c9d08b0c81861d2a9274e92a062b1597b0874fe098ebd2f:1184358975 region=48f03bc9 round=1184358975 from=a5 priority=918
2026-04-18T18:54:24.117750Z  WARN heartbeat_missed(agent_id) agent=a3
2026-04-18T18:54:24.117990Z  WARN owner_invalidated(region_id) region=ac72368a dead_owner=a3
2026-04-18T18:54:24.118023Z  INFO re_election_started(region_id, round_id) region=ac72368a round_id=1184358976
2026-04-18T18:54:24.118134Z  INFO round_start round=1184358976
2026-04-18T18:54:24.118184Z  INFO claim publish region=48f03bc9 x=0 y=4 priority=508 round=1184358976
2026-04-18T18:54:24.118506Z  INFO round_close region=48f03bc9 round=1184358975 claims=4
2026-04-18T18:54:24.118686Z  INFO final_claim_set region=48f03bc9 round=1184358975 claims=a5:48f03bc9419d2b283c9d08b0c81861d2a9274e92a062b1597b0874fe098ebd2f:1184358975,a1:48f03bc9419d2b283c9d08b0c81861d2a9274e92a062b1597b0874fe098ebd2f:1184358975,a2:48f03bc9419d2b283c9d08b0c81861d2a9274e92a062b1597b0874fe098ebd2f:1184358975,a4:48f03bc9419d2b283c9d08b0c81861d2a9274e92a062b1597b0874fe098ebd2f:1184358975
2026-04-18T18:54:24.118740Z  INFO winner region=48f03bc9 round=1184358975 order=a5:918 > a1:580 > a2:162 > a4:75 winner=a5
2026-04-18T18:54:24.118775Z  INFO claim lost, rerouting immediately region=48f03bc9 winner=a5
2026-04-18T18:54:24.118927Z  INFO round_close region=76d3c2ee round=1184358975 claims=4
2026-04-18T18:54:24.119023Z  INFO final_claim_set region=76d3c2ee round=1184358975 claims=a4:76d3c2eeff0f7e9320cd69f952486c44d7cb4ec9903e2df44a772a3be0fb3b45:1184358975,a2:76d3c2eeff0f7e9320cd69f952486c44d7cb4ec9903e2df44a772a3be0fb3b45:1184358975,a1:76d3c2eeff0f7e9320cd69f952486c44d7cb4ec9903e2df44a772a3be0fb3b45:1184358975,a5:76d3c2eeff0f7e9320cd69f952486c44d7cb4ec9903e2df44a772a3be0fb3b45:1184358975
2026-04-18T18:54:24.119045Z  INFO winner region=76d3c2ee round=1184358975 order=a4:949 > a2:559 > a1:313 > a5:157 winner=a4
2026-04-18T18:54:24.119105Z  INFO claim won, proceeding to explore region=76d3c2ee
2026-04-18T18:54:24.120010Z  INFO claim received claim_id=a1:ac72368a586a18c19088393573ce03074b8e8a4d8c21add8729af1890a407e52:1184358976 region=ac72368a round=1184358976 from=a1 priority=974
2026-04-18T18:54:24.120794Z  INFO claim received claim_id=a2:48f03bc9419d2b283c9d08b0c81861d2a9274e92a062b1597b0874fe098ebd2f:1184358976 region=48f03bc9 round=1184358976 from=a2 priority=580
2026-04-18T18:54:24.120897Z  INFO ownership update region=48f03bc9 owner=a5 round=1184358975 digest=9343b4f2 from=a2
2026-04-18T18:54:24.120946Z  INFO consistent ownership digest across agents region=48f03bc9 round=1184358975 participants=2 digest=9343b4f2
2026-04-18T18:54:24.121734Z  INFO consistent ownership digest across agents region=48f03bc9 round=1184358975 participants=3 digest=9343b4f2
2026-04-18T18:54:24.121840Z  INFO vertex state agreement region=48f03bc9 round=1184358975 participants=3 digest=9343b4f2
2026-04-18T18:54:24.121890Z  INFO ownership update region=76d3c2ee owner=a4 round=1184358975 digest=c8afe203 from=a1
2026-04-18T18:54:24.121931Z  INFO consistent ownership digest across agents region=76d3c2ee round=1184358975 participants=2 digest=c8afe203
2026-04-18T18:54:24.121986Z  INFO vertex state agreement region=48f03bc9 round=1184358975 participants=3 digest=9343b4f2
2026-04-18T18:54:24.122015Z  INFO vertex state agreement region=76d3c2ee round=1184358975 participants=2 digest=c8afe203
2026-04-18T18:54:24.122078Z  INFO consistent ownership digest across agents region=76d3c2ee round=1184358975 participants=3 digest=c8afe203
2026-04-18T18:54:24.122155Z  INFO vertex state agreement region=76d3c2ee round=1184358975 participants=3 digest=c8afe203
2026-04-18T18:54:24.122219Z  INFO claim received claim_id=a5:48f03bc9419d2b283c9d08b0c81861d2a9274e92a062b1597b0874fe098ebd2f:1184358976 region=48f03bc9 round=1184358976 from=a5 priority=263
2026-04-18T18:54:24.163249Z  INFO ownership update region=48f03bc9 owner=a5 round=1184358975 digest=9343b4f2 from=a5
2026-04-18T18:54:24.163328Z  INFO consistent ownership digest across agents region=48f03bc9 round=1184358975 participants=4 digest=9343b4f2
2026-04-18T18:54:24.163382Z  INFO vertex state agreement region=48f03bc9 round=1184358975 participants=4 digest=9343b4f2
2026-04-18T18:54:24.163433Z  INFO ownership update region=76d3c2ee owner=a4 round=1184358975 digest=c8afe203 from=a5
2026-04-18T18:54:24.163469Z  INFO consistent ownership digest across agents region=76d3c2ee round=1184358975 participants=4 digest=c8afe203
2026-04-18T18:54:24.163516Z  INFO vertex state agreement region=76d3c2ee round=1184358975 participants=4 digest=c8afe203
2026-04-18T18:54:24.417834Z  INFO claim publish region=ac72368a x=0 y=0 priority=122 round=1184358976
2026-04-18T18:54:24.419303Z  INFO claim received claim_id=a2:ac72368a586a18c19088393573ce03074b8e8a4d8c21add8729af1890a407e52:1184358976 region=ac72368a round=1184358976 from=a2 priority=524
2026-04-18T18:54:24.420087Z  INFO claim received claim_id=a5:ac72368a586a18c19088393573ce03074b8e8a4d8c21add8729af1890a407e52:1184358976 region=ac72368a round=1184358976 from=a5 priority=734
2026-04-18T18:54:25.617305Z  INFO claim publish region=ac72368a x=0 y=0 priority=625 round=1184358977
2026-04-18T18:54:25.617530Z  INFO round_start round=1184358977
2026-04-18T18:54:25.617810Z  INFO round_close region=48f03bc9 round=1184358976 claims=3
2026-04-18T18:54:25.617910Z  INFO final_claim_set region=48f03bc9 round=1184358976 claims=a2:48f03bc9419d2b283c9d08b0c81861d2a9274e92a062b1597b0874fe098ebd2f:1184358976,a4:48f03bc9419d2b283c9d08b0c81861d2a9274e92a062b1597b0874fe098ebd2f:1184358976,a5:48f03bc9419d2b283c9d08b0c81861d2a9274e92a062b1597b0874fe098ebd2f:1184358976
2026-04-18T18:54:25.618016Z  INFO winner region=48f03bc9 round=1184358976 order=a2:580 > a4:508 > a5:263 winner=a2
2026-04-18T18:54:25.618088Z  INFO claim lost, rerouting immediately region=48f03bc9 winner=a2
2026-04-18T18:54:25.618256Z  INFO round_close region=ac72368a round=1184358976 claims=4
2026-04-18T18:54:25.618343Z  INFO final_claim_set region=ac72368a round=1184358976 claims=a1:ac72368a586a18c19088393573ce03074b8e8a4d8c21add8729af1890a407e52:1184358976,a5:ac72368a586a18c19088393573ce03074b8e8a4d8c21add8729af1890a407e52:1184358976,a2:ac72368a586a18c19088393573ce03074b8e8a4d8c21add8729af1890a407e52:1184358976,a4:ac72368a586a18c19088393573ce03074b8e8a4d8c21add8729af1890a407e52:1184358976
2026-04-18T18:54:25.618367Z  INFO winner region=ac72368a round=1184358976 order=a1:974 > a5:734 > a2:524 > a4:122 winner=a1
2026-04-18T18:54:25.618421Z  INFO claim lost, rerouting immediately region=ac72368a winner=a1
2026-04-18T18:54:25.621087Z  INFO claim received claim_id=a1:ac72368a586a18c19088393573ce03074b8e8a4d8c21add8729af1890a407e52:1184358977 region=ac72368a round=1184358977 from=a1 priority=448
2026-04-18T18:54:25.621192Z  INFO ownership update region=48f03bc9 owner=a2 round=1184358976 digest=c475d78d from=a2
2026-04-18T18:54:25.621241Z  INFO consistent ownership digest across agents region=48f03bc9 round=1184358976 participants=2 digest=c475d78d
2026-04-18T18:54:25.621299Z  INFO vertex state agreement region=48f03bc9 round=1184358976 participants=2 digest=c475d78d
2026-04-18T18:54:25.621348Z  INFO claim received claim_id=a2:ac72368a586a18c19088393573ce03074b8e8a4d8c21add8729af1890a407e52:1184358977 region=ac72368a round=1184358977 from=a2 priority=359
2026-04-18T18:54:25.621400Z  INFO ownership update region=ac72368a owner=a1 round=1184358976 digest=ff6094f8 from=a2
2026-04-18T18:54:25.621434Z  INFO consistent ownership digest across agents region=ac72368a round=1184358976 participants=2 digest=ff6094f8
2026-04-18T18:54:25.621486Z  INFO vertex state agreement region=ac72368a round=1184358976 participants=2 digest=ff6094f8
2026-04-18T18:54:25.621535Z  INFO ownership update region=48f03bc9 owner=a2 round=1184358976 digest=c475d78d from=a1
2026-04-18T18:54:25.621567Z  INFO consistent ownership digest across agents region=48f03bc9 round=1184358976 participants=3 digest=c475d78d
2026-04-18T18:54:25.621701Z  INFO vertex state agreement region=48f03bc9 round=1184358976 participants=3 digest=c475d78d
2026-04-18T18:54:25.622212Z  INFO claim received claim_id=a5:ac72368a586a18c19088393573ce03074b8e8a4d8c21add8729af1890a407e52:1184358977 region=ac72368a round=1184358977 from=a5 priority=703
2026-04-18T18:54:25.622282Z  INFO ownership update region=ac72368a owner=a1 round=1184358976 digest=ff6094f8 from=a1
2026-04-18T18:54:25.622313Z  INFO consistent ownership digest across agents region=ac72368a round=1184358976 participants=3 digest=ff6094f8
2026-04-18T18:54:25.622355Z  INFO vertex state agreement region=ac72368a round=1184358976 participants=3 digest=ff6094f8
2026-04-18T18:54:25.622396Z  INFO ownership update region=48f03bc9 owner=a2 round=1184358976 digest=c475d78d from=a5
2026-04-18T18:54:25.622421Z  INFO consistent ownership digest across agents region=48f03bc9 round=1184358976 participants=4 digest=c475d78d
2026-04-18T18:54:25.622457Z  INFO vertex state agreement region=48f03bc9 round=1184358976 participants=4 digest=c475d78d
2026-04-18T18:54:25.622815Z  INFO ownership update region=ac72368a owner=a1 round=1184358976 digest=ff6094f8 from=a5
2026-04-18T18:54:25.622858Z  INFO consistent ownership digest across agents region=ac72368a round=1184358976 participants=4 digest=ff6094f8
2026-04-18T18:54:25.622891Z  INFO vertex state agreement region=ac72368a round=1184358976 participants=4 digest=ff6094f8
2026-04-18T18:54:25.918915Z  INFO claim publish region=cc0c07a7 x=0 y=5 priority=850 round=1184358977
2026-04-18T18:54:25.919534Z  INFO claim received claim_id=a2:cc0c07a725b8917c06a2497f510ae1555952dc35d9f4dcde5da1ca13102ad8ce:1184358977 region=cc0c07a7 round=1184358977 from=a2 priority=425
2026-04-18T18:54:25.920427Z  INFO claim received claim_id=a5:cc0c07a725b8917c06a2497f510ae1555952dc35d9f4dcde5da1ca13102ad8ce:1184358977 region=cc0c07a7 round=1184358977 from=a5 priority=597
2026-04-18T18:54:27.117992Z  INFO round_start round=1184358978
2026-04-18T18:54:27.119011Z  INFO claim publish region=cc0c07a7 x=0 y=5 priority=765 round=1184358978
2026-04-18T18:54:27.119229Z  INFO round_close region=ac72368a round=1184358977 claims=4
2026-04-18T18:54:27.119342Z  INFO final_claim_set region=ac72368a round=1184358977 claims=a5:ac72368a586a18c19088393573ce03074b8e8a4d8c21add8729af1890a407e52:1184358977,a4:ac72368a586a18c19088393573ce03074b8e8a4d8c21add8729af1890a407e52:1184358977,a1:ac72368a586a18c19088393573ce03074b8e8a4d8c21add8729af1890a407e52:1184358977,a2:ac72368a586a18c19088393573ce03074b8e8a4d8c21add8729af1890a407e52:1184358977
2026-04-18T18:54:27.119391Z  INFO winner region=ac72368a round=1184358977 order=a5:703 > a4:625 > a1:448 > a2:359 winner=a5
2026-04-18T18:54:27.119446Z  INFO claim lost, rerouting immediately region=ac72368a winner=a5
2026-04-18T18:54:27.119640Z  INFO round_close region=cc0c07a7 round=1184358977 claims=3
2026-04-18T18:54:27.119740Z  INFO final_claim_set region=cc0c07a7 round=1184358977 claims=a4:cc0c07a725b8917c06a2497f510ae1555952dc35d9f4dcde5da1ca13102ad8ce:1184358977,a5:cc0c07a725b8917c06a2497f510ae1555952dc35d9f4dcde5da1ca13102ad8ce:1184358977,a2:cc0c07a725b8917c06a2497f510ae1555952dc35d9f4dcde5da1ca13102ad8ce:1184358977
2026-04-18T18:54:27.119783Z  INFO winner region=cc0c07a7 round=1184358977 order=a4:850 > a5:597 > a2:425 winner=a4
2026-04-18T18:54:27.119825Z  INFO claim won, proceeding to explore region=cc0c07a7
2026-04-18T18:54:27.120844Z  INFO claim received claim_id=a1:cc0c07a725b8917c06a2497f510ae1555952dc35d9f4dcde5da1ca13102ad8ce:1184358978 region=cc0c07a7 round=1184358978 from=a1 priority=102
2026-04-18T18:54:27.120927Z  INFO claim received claim_id=a2:cc0c07a725b8917c06a2497f510ae1555952dc35d9f4dcde5da1ca13102ad8ce:1184358978 region=cc0c07a7 round=1184358978 from=a2 priority=363
2026-04-18T18:54:27.120989Z  INFO consistent ownership digest across agents region=ac72368a round=1184358977 participants=2 digest=19d99633
2026-04-18T18:54:27.121037Z  INFO vertex state agreement region=ac72368a round=1184358977 participants=2 digest=19d99633
2026-04-18T18:54:27.121669Z  INFO consistent ownership digest across agents region=ac72368a round=1184358977 participants=3 digest=19d99633
2026-04-18T18:54:27.121742Z  INFO vertex state agreement region=ac72368a round=1184358977 participants=3 digest=19d99633
2026-04-18T18:54:27.121848Z  INFO consistent ownership digest across agents region=cc0c07a7 round=1184358977 participants=2 digest=dca3ce59
2026-04-18T18:54:27.121908Z  INFO consistent ownership digest across agents region=cc0c07a7 round=1184358977 participants=3 digest=dca3ce59
2026-04-18T18:54:27.121961Z  INFO vertex state agreement region=cc0c07a7 round=1184358977 participants=3 digest=dca3ce59
2026-04-18T18:54:27.122007Z  INFO vertex state agreement region=cc0c07a7 round=1184358977 participants=3 digest=dca3ce59
2026-04-18T18:54:27.122071Z  INFO ownership update region=ac72368a owner=a5 round=1184358977 digest=19d99633 from=a5
2026-04-18T18:54:27.122105Z  INFO consistent ownership digest across agents region=ac72368a round=1184358977 participants=4 digest=19d99633
2026-04-18T18:54:27.122156Z  INFO vertex state agreement region=ac72368a round=1184358977 participants=4 digest=19d99633
2026-04-18T18:54:27.122244Z  INFO ownership update region=cc0c07a7 owner=a4 round=1184358977 digest=dca3ce59 from=a5
2026-04-18T18:54:27.122300Z  INFO consistent ownership digest across agents region=cc0c07a7 round=1184358977 participants=4 digest=dca3ce59
2026-04-18T18:54:27.122375Z  INFO vertex state agreement region=cc0c07a7 round=1184358977 participants=4 digest=dca3ce59
2026-04-18T18:54:27.122442Z  INFO claim received claim_id=a5:ac72368a586a18c19088393573ce03074b8e8a4d8c21add8729af1890a407e52:1184358978 region=ac72368a round=1184358978 from=a5 priority=448
2026-04-18T18:54:27.418759Z  INFO claim publish region=a79a44ce x=0 y=6 priority=542 round=1184358978
2026-04-18T18:54:27.420193Z  INFO claim received claim_id=a1:a79a44cee0ffc19bf7c4146a5cf631dc68015b6dbceca0a0cec5a5a8cc9fc7a3:1184358978 region=a79a44ce round=1184358978 from=a1 priority=910
2026-04-18T18:54:27.420287Z  INFO claim received claim_id=a2:a79a44cee0ffc19bf7c4146a5cf631dc68015b6dbceca0a0cec5a5a8cc9fc7a3:1184358978 region=a79a44ce round=1184358978 from=a2 priority=361
